<?xml version="1.0" encoding="UTF-8"?>
<!-- Generated by org.testng.reporters.JUnitReportReporter -->
<testsuite hostname="HP" failures="0" tests="1" name="Com.crm.qa.testcases.LoginpageTest" time="10.214" errors="0" timestamp="28 Jan 2019 03:57:55 GMT" skipped="0">
  <testcase classname="Com.crm.qa.testcases.LoginpageTest" name="loginpageTitletest" time="10.214"/>
</testsuite> <!-- Com.crm.qa.testcases.LoginpageTest -->
