<?xml version="1.0" encoding="UTF-8"?>
<!-- Generated by org.testng.reporters.JUnitReportReporter -->
<testsuite hostname="HP" failures="0" tests="3" name="Com.crm.qa.testcases.HomepageTest" time="52.618" errors="0" timestamp="28 Jan 2019 03:45:22 GMT" skipped="0">
  <testcase classname="Com.crm.qa.testcases.HomepageTest" name="veryfyHomepageTitletest" time="16.871"/>
  <testcase classname="Com.crm.qa.testcases.HomepageTest" name="veryfyusernametest" time="18.293"/>
  <testcase classname="Com.crm.qa.testcases.HomepageTest" name="veryfycontactslinktest" time="17.454"/>
</testsuite> <!-- Com.crm.qa.testcases.HomepageTest -->
